<?xml version="1.0" encoding="UTF-8"?>
<testsuite name="seb40pre034.stackoverflowclone.StackoverflowCloneApplicationTests" tests="1" skipped="0" failures="0" errors="0" timestamp="2022-10-31T03:53:11" hostname="MacBook-Air.local" time="0.185">
  <properties/>
  <testcase name="contextLoads()" classname="seb40pre034.stackoverflowclone.StackoverflowCloneApplicationTests" time="0.185"/>
  <system-out><![CDATA[12:53:05.261 [Test worker] DEBUG org.springframework.test.context.BootstrapUtils - Instantiating CacheAwareContextLoaderDelegate from class [org.springframework.test.context.cache.DefaultCacheAwareContextLoaderDelegate]
12:53:05.270 [Test worker] DEBUG org.springframework.test.context.BootstrapUtils - Instantiating BootstrapContext using constructor [public org.springframework.test.context.support.DefaultBootstrapContext(java.lang.Class,org.springframework.test.context.CacheAwareContextLoaderDelegate)]
12:53:05.306 [Test worker] DEBUG org.springframework.test.context.BootstrapUtils - Instantiating TestContextBootstrapper for test class [seb40pre034.stackoverflowclone.StackoverflowCloneApplicationTests] from class [org.springframework.boot.test.context.SpringBootTestContextBootstrapper]
12:53:05.318 [Test worker] INFO org.springframework.boot.test.context.SpringBootTestContextBootstrapper - Neither @ContextConfiguration nor @ContextHierarchy found for test class [seb40pre034.stackoverflowclone.StackoverflowCloneApplicationTests], using SpringBootContextLoader
12:53:05.322 [Test worker] DEBUG org.springframework.test.context.support.AbstractContextLoader - Did not detect default resource location for test class [seb40pre034.stackoverflowclone.StackoverflowCloneApplicationTests]: class path resource [seb40pre034/stackoverflowclone/StackoverflowCloneApplicationTests-context.xml] does not exist
12:53:05.322 [Test worker] DEBUG org.springframework.test.context.support.AbstractContextLoader - Did not detect default resource location for test class [seb40pre034.stackoverflowclone.StackoverflowCloneApplicationTests]: class path resource [seb40pre034/stackoverflowclone/StackoverflowCloneApplicationTestsContext.groovy] does not exist
12:53:05.322 [Test worker] INFO org.springframework.test.context.support.AbstractContextLoader - Could not detect default resource locations for test class [seb40pre034.stackoverflowclone.StackoverflowCloneApplicationTests]: no resource found for suffixes {-context.xml, Context.groovy}.
12:53:05.323 [Test worker] INFO org.springframework.test.context.support.AnnotationConfigContextLoaderUtils - Could not detect default configuration classes for test class [seb40pre034.stackoverflowclone.StackoverflowCloneApplicationTests]: StackoverflowCloneApplicationTests does not declare any static, non-private, non-final, nested classes annotated with @Configuration.
12:53:05.363 [Test worker] DEBUG org.springframework.test.context.support.ActiveProfilesUtils - Could not find an 'annotation declaring class' for annotation type [org.springframework.test.context.ActiveProfiles] and class [seb40pre034.stackoverflowclone.StackoverflowCloneApplicationTests]
12:53:05.468 [Test worker] DEBUG org.springframework.context.annotation.ClassPathScanningCandidateComponentProvider - Identified candidate component class: file [/Users/kimhyunwook/IdeaProjects/codestates/seb40_pre_034/server/build/classes/java/main/seb40pre034/stackoverflowclone/StackoverflowCloneApplication.class]
12:53:05.473 [Test worker] INFO org.springframework.boot.test.context.SpringBootTestContextBootstrapper - Found @SpringBootConfiguration seb40pre034.stackoverflowclone.StackoverflowCloneApplication for test class seb40pre034.stackoverflowclone.StackoverflowCloneApplicationTests
12:53:05.574 [Test worker] DEBUG org.springframework.boot.test.context.SpringBootTestContextBootstrapper - @TestExecutionListeners is not present for class [seb40pre034.stackoverflowclone.StackoverflowCloneApplicationTests]: using defaults.
12:53:05.580 [Test worker] INFO org.springframework.boot.test.context.SpringBootTestContextBootstrapper - Loaded default TestExecutionListener class names from location [META-INF/spring.factories]: [org.springframework.test.context.web.ServletTestExecutionListener, org.springframework.test.context.support.DirtiesContextBeforeModesTestExecutionListener, org.springframework.test.context.event.ApplicationEventsTestExecutionListener, org.springframework.test.context.support.DependencyInjectionTestExecutionListener, org.springframework.test.context.support.DirtiesContextTestExecutionListener, org.springframework.test.context.transaction.TransactionalTestExecutionListener, org.springframework.test.context.jdbc.SqlScriptsTestExecutionListener, org.springframework.test.context.event.EventPublishingTestExecutionListener, org.springframework.boot.test.autoconfigure.restdocs.RestDocsTestExecutionListener, org.springframework.boot.test.autoconfigure.web.client.MockRestServiceServerResetTestExecutionListener, org.springframework.boot.test.autoconfigure.web.servlet.MockMvcPrintOnlyOnFailureTestExecutionListener, org.springframework.boot.test.autoconfigure.web.servlet.WebDriverTestExecutionListener, org.springframework.boot.test.autoconfigure.webservices.client.MockWebServiceServerTestExecutionListener, org.springframework.boot.test.mock.mockito.MockitoTestExecutionListener, org.springframework.boot.test.mock.mockito.ResetMocksTestExecutionListener]
12:53:05.615 [Test worker] INFO org.springframework.boot.test.context.SpringBootTestContextBootstrapper - Using TestExecutionListeners: [org.springframework.test.context.web.ServletTestExecutionListener@3a62c01e, org.springframework.test.context.support.DirtiesContextBeforeModesTestExecutionListener@7a8fa663, org.springframework.test.context.event.ApplicationEventsTestExecutionListener@5ce33a58, org.springframework.boot.test.mock.mockito.MockitoTestExecutionListener@78a287ed, org.springframework.boot.test.autoconfigure.SpringBootDependencyInjectionTestExecutionListener@546ccad7, org.springframework.test.context.support.DirtiesContextTestExecutionListener@5357c287, org.springframework.test.context.transaction.TransactionalTestExecutionListener@1623134f, org.springframework.test.context.jdbc.SqlScriptsTestExecutionListener@7a527389, org.springframework.test.context.event.EventPublishingTestExecutionListener@485a3466, org.springframework.boot.test.autoconfigure.restdocs.RestDocsTestExecutionListener@25748410, org.springframework.boot.test.autoconfigure.web.client.MockRestServiceServerResetTestExecutionListener@2b43529a, org.springframework.boot.test.autoconfigure.web.servlet.MockMvcPrintOnlyOnFailureTestExecutionListener@4264b240, org.springframework.boot.test.autoconfigure.web.servlet.WebDriverTestExecutionListener@5b04476e, org.springframework.boot.test.autoconfigure.webservices.client.MockWebServiceServerTestExecutionListener@5ad10c1a, org.springframework.boot.test.mock.mockito.ResetMocksTestExecutionListener@6bb75258]
12:53:05.619 [Test worker] DEBUG org.springframework.test.context.support.AbstractDirtiesContextTestExecutionListener - Before test class: context [DefaultTestContext@6cbcf243 testClass = StackoverflowCloneApplicationTests, testInstance = [null], testMethod = [null], testException = [null], mergedContextConfiguration = [WebMergedContextConfiguration@29e6eb25 testClass = StackoverflowCloneApplicationTests, locations = '{}', classes = '{class seb40pre034.stackoverflowclone.StackoverflowCloneApplication}', contextInitializerClasses = '[]', activeProfiles = '{}', propertySourceLocations = '{}', propertySourceProperties = '{org.springframework.boot.test.context.SpringBootTestContextBootstrapper=true}', contextCustomizers = set[org.springframework.boot.test.autoconfigure.actuate.metrics.MetricsExportContextCustomizerFactory$DisableMetricExportContextCustomizer@73cd37c0, org.springframework.boot.test.autoconfigure.properties.PropertyMappingContextCustomizer@0, org.springframework.boot.test.autoconfigure.web.servlet.WebDriverContextCustomizerFactory$Customizer@35432107, org.springframework.boot.test.context.filter.ExcludeFilterContextCustomizer@265adfad, org.springframework.boot.test.json.DuplicateJsonObjectContextCustomizerFactory$DuplicateJsonObjectContextCustomizer@5d066c7d, org.springframework.boot.test.mock.mockito.MockitoContextCustomizer@0, org.springframework.boot.test.web.client.TestRestTemplateContextCustomizer@4c1f22f3, org.springframework.boot.test.context.SpringBootTestArgs@1, org.springframework.boot.test.context.SpringBootTestWebEnvironment@68267da0], resourceBasePath = 'src/main/webapp', contextLoader = 'org.springframework.boot.test.context.SpringBootContextLoader', parent = [null]], attributes = map['org.springframework.test.context.web.ServletTestExecutionListener.activateListener' -> true]], class annotated with @DirtiesContext [false] with mode [null].

  .   ____          _            __ _ _
 /\\ / ___'_ __ _ _(_)_ __  __ _ \ \ \ \
( ( )\___ | '_ | '_| | '_ \/ _` | \ \ \ \
 \\/  ___)| |_)| | | | | || (_| |  ) ) ) )
  '  |____| .__|_| |_|_| |_\__, | / / / /
 =========|_|==============|___/=/_/_/_/
 :: Spring Boot ::                (v2.7.5)

2022-10-31 12:53:06.246  INFO 46940 --- [    Test worker] s.s.StackoverflowCloneApplicationTests   : Starting StackoverflowCloneApplicationTests using Java 15.0.1 on MacBook-Air.local with PID 46940 (started by kimhyunwook in /Users/kimhyunwook/IdeaProjects/codestates/seb40_pre_034/server)
2022-10-31 12:53:06.247  INFO 46940 --- [    Test worker] s.s.StackoverflowCloneApplicationTests   : No active profile set, falling back to 1 default profile: "default"
2022-10-31 12:53:07.263  INFO 46940 --- [    Test worker] .s.d.r.c.RepositoryConfigurationDelegate : Bootstrapping Spring Data JPA repositories in DEFAULT mode.
2022-10-31 12:53:07.345  INFO 46940 --- [    Test worker] .s.d.r.c.RepositoryConfigurationDelegate : Finished Spring Data repository scanning in 73 ms. Found 3 JPA repository interfaces.
2022-10-31 12:53:08.265 DEBUG 46940 --- [    Test worker] j.LocalContainerEntityManagerFactoryBean : Building JPA container EntityManagerFactory for persistence unit 'default'
2022-10-31 12:53:08.284  INFO 46940 --- [    Test worker] o.hibernate.jpa.internal.util.LogHelper  : HHH000204: Processing PersistenceUnitInfo [name: default]
2022-10-31 12:53:08.327  INFO 46940 --- [    Test worker] org.hibernate.Version                    : HHH000412: Hibernate ORM core version 5.6.12.Final
2022-10-31 12:53:08.517  INFO 46940 --- [    Test worker] o.hibernate.annotations.common.Version   : HCANN000001: Hibernate Commons Annotations {5.1.2.Final}
2022-10-31 12:53:08.620  INFO 46940 --- [    Test worker] com.zaxxer.hikari.HikariDataSource       : HikariPool-1 - Starting...
2022-10-31 12:53:08.783  INFO 46940 --- [    Test worker] com.zaxxer.hikari.HikariDataSource       : HikariPool-1 - Start completed.
2022-10-31 12:53:08.806  INFO 46940 --- [    Test worker] org.hibernate.dialect.Dialect            : HHH000400: Using dialect: org.hibernate.dialect.H2Dialect
Hibernate: 
    
    drop table if exists answer CASCADE 
Hibernate: 
    
    drop table if exists member CASCADE 
Hibernate: 
    
    drop table if exists question CASCADE 
Hibernate: 
    
    create table answer (
       answer_id bigint generated by default as identity,
        created_at timestamp,
        last_modified_at timestamp,
        answer_vote integer not null,
        answer_content varchar(255) not null,
        primary key (answer_id)
    )
Hibernate: 
    
    create table member (
       member_id bigint generated by default as identity,
        email varchar(255),
        nick_name varchar(255),
        password varchar(255),
        primary key (member_id)
    )
Hibernate: 
    
    create table question (
       question_id bigint generated by default as identity,
        created_at timestamp,
        last_modified_at timestamp,
        content TEXT not null,
        title varchar(25) not null,
        vote integer default 0,
        member_id bigint,
        primary key (question_id)
    )
Hibernate: 
    
    alter table question 
       add constraint FK1nuuke7olg7b9fkyp2ba9d5bx 
       foreign key (member_id) 
       references member
2022-10-31 12:53:09.441  INFO 46940 --- [    Test worker] o.h.e.t.j.p.i.JtaPlatformInitiator       : HHH000490: Using JtaPlatform implementation: [org.hibernate.engine.transaction.jta.platform.internal.NoJtaPlatform]
2022-10-31 12:53:09.447  INFO 46940 --- [    Test worker] j.LocalContainerEntityManagerFactoryBean : Initialized JPA EntityManagerFactory for persistence unit 'default'
2022-10-31 12:53:09.637 DEBUG 46940 --- [    Test worker] tor$SharedEntityManagerInvocationHandler : Creating new EntityManager for shared EntityManager invocation
2022-10-31 12:53:09.674 DEBUG 46940 --- [    Test worker] tor$SharedEntityManagerInvocationHandler : Creating new EntityManager for shared EntityManager invocation
2022-10-31 12:53:09.725 DEBUG 46940 --- [    Test worker] tor$SharedEntityManagerInvocationHandler : Creating new EntityManager for shared EntityManager invocation
2022-10-31 12:53:09.838 DEBUG 46940 --- [    Test worker] tor$SharedEntityManagerInvocationHandler : Creating new EntityManager for shared EntityManager invocation
2022-10-31 12:53:09.861 DEBUG 46940 --- [    Test worker] tor$SharedEntityManagerInvocationHandler : Creating new EntityManager for shared EntityManager invocation
2022-10-31 12:53:10.164  WARN 46940 --- [    Test worker] JpaBaseConfiguration$JpaWebConfiguration : spring.jpa.open-in-view is enabled by default. Therefore, database queries may be performed during view rendering. Explicitly configure spring.jpa.open-in-view to disable this warning
2022-10-31 12:53:10.692  INFO 46940 --- [    Test worker] o.s.b.a.h2.H2ConsoleAutoConfiguration    : H2 console available at '/h2'. Database available at 'jdbc:h2:mem:test'
2022-10-31 12:53:10.947 DEBUG 46940 --- [    Test worker] tor$SharedEntityManagerInvocationHandler : Creating new EntityManager for shared EntityManager invocation
2022-10-31 12:53:10.951 DEBUG 46940 --- [    Test worker] tor$SharedEntityManagerInvocationHandler : Creating new EntityManager for shared EntityManager invocation
2022-10-31 12:53:11.168  INFO 46940 --- [    Test worker] s.s.StackoverflowCloneApplicationTests   : Started StackoverflowCloneApplicationTests in 5.503 seconds (JVM running for 6.836)
]]></system-out>
  <system-err><![CDATA[]]></system-err>
</testsuite>
